
/home/runner/work/exp-file-signatures-au/exp-file-signatures-au/experiment/simulation/js/index-DHE34pHa.js
      60:9    warning  'global' is not defined                                                    no-undef
     153:30   warning  Do not access Object.prototype method 'hasOwnProperty' from target object  no-prototype-builtins
     366:15   warning  Do not access Object.prototype method 'hasOwnProperty' from target object  no-prototype-builtins
     493:39   warning  Do not access Object.prototype method 'hasOwnProperty' from target object  no-prototype-builtins
     587:39   warning  'setImmediate' is not defined                                              no-undef
     846:7    warning  Unexpected combined character in character class                           no-misleading-character-class
     943:14   warning  Unnecessary escape character: \-                                           no-useless-escape
     979:16   warning  Do not access Object.prototype method 'hasOwnProperty' from target object  no-prototype-builtins
    1114:13   warning  Expected a conditional expression and instead saw an assignment            no-cond-assign
    1179:19   warning  Empty block statement                                                      no-empty
    1263:10   warning  Do not access Object.prototype method 'hasOwnProperty' from target object  no-prototype-builtins
    1358:7    warning  Do not access Object.prototype method 'hasOwnProperty' from target object  no-prototype-builtins
    1360:11   warning  Do not access Object.prototype method 'hasOwnProperty' from target object  no-prototype-builtins
    1366:11   warning  Do not access Object.prototype method 'hasOwnProperty' from target object  no-prototype-builtins
    1366:40   warning  Do not access Object.prototype method 'hasOwnProperty' from target object  no-prototype-builtins
    1396:16   warning  Do not access Object.prototype method 'hasOwnProperty' from target object  no-prototype-builtins
    1468:36   warning  'MSApp' is not defined                                                     no-undef
    1470:13   warning  'MSApp' is not defined                                                     no-undef
    1554:53   warning  Do not access Object.prototype method 'hasOwnProperty' from target object  no-prototype-builtins
    1561:13   warning  Do not access Object.prototype method 'hasOwnProperty' from target object  no-prototype-builtins
    1700:9    warning  Expected to return a value in method 'get'                                 getter-return
    1709:24   warning  'r' is defined but never used                                              no-unused-vars
    1709:27   warning  'i' is defined but never used                                              no-unused-vars
    1709:30   warning  'o' is defined but never used                                              no-unused-vars
    1709:33   warning  'a' is defined but never used                                              no-unused-vars
    1709:36   warning  's' is defined but never used                                              no-unused-vars
    1709:39   warning  'l' is defined but never used                                              no-unused-vars
    1726:15   warning  't' is defined but never used                                              no-unused-vars
    1726:18   warning  'e' is defined but never used                                              no-unused-vars
    1726:21   warning  'n' is defined but never used                                              no-unused-vars
    1726:24   warning  'r' is defined but never used                                              no-unused-vars
    1726:27   warning  'i' is defined but never used                                              no-unused-vars
    1726:30   warning  'o' is defined but never used                                              no-unused-vars
    1726:33   warning  'a' is defined but never used                                              no-unused-vars
    1726:36   warning  's' is defined but never used                                              no-unused-vars
    1726:39   warning  'l' is defined but never used                                              no-unused-vars
    1729:15   warning  't' is defined but never used                                              no-unused-vars
    1729:18   warning  'e' is defined but never used                                              no-unused-vars
    1729:21   warning  'n' is defined but never used                                              no-unused-vars
    1729:24   warning  'r' is defined but never used                                              no-unused-vars
    1729:27   warning  'i' is defined but never used                                              no-unused-vars
    1729:30   warning  'o' is defined but never used                                              no-unused-vars
    1729:33   warning  'a' is defined but never used                                              no-unused-vars
    1729:36   warning  's' is defined but never used                                              no-unused-vars
    1729:39   warning  'l' is defined but never used                                              no-unused-vars
    1850:15   warning  Empty block statement                                                      no-empty
    2384:11   warning  Do not access Object.prototype method 'hasOwnProperty' from target object  no-prototype-builtins
    2403:41   warning  Invalid typeof comparison value                                            valid-typeof
    2411:42   warning  Invalid typeof comparison value                                            valid-typeof
    2548:10   warning  Expected a conditional expression and instead saw an assignment            no-cond-assign
    2979:24   warning  Do not access Object.prototype method 'hasOwnProperty' from target object  no-prototype-builtins
    3168:13   warning  Expected a 'break' statement before 'case'                                 no-fallthrough
    3184:13   warning  Expected a 'break' statement before 'case'                                 no-fallthrough
    3277:20   warning  Expected a conditional expression and instead saw an assignment            no-cond-assign
    3377:11   warning  Expected a 'break' statement before 'case'                                 no-fallthrough
    3467:10   warning  Unexpected control character(s) in regular expression: \x00                no-control-regex
    4436:15   warning  Expected a 'break' statement before 'case'                                 no-fallthrough
    4473:16   warning  Unexpected constant condition                                              no-constant-condition
    4513:14   warning  Expected a conditional expression and instead saw an assignment            no-cond-assign
    4963:17   warning  Empty block statement                                                      no-empty
    4964:19   warning  Empty block statement                                                      no-empty
    5178:15   warning  Expected a conditional expression and instead saw an assignment            no-cond-assign
    5231:17   warning  Expected a conditional expression and instead saw an assignment            no-cond-assign
    5536:14   warning  Expected a conditional expression and instead saw an assignment            no-cond-assign
    5582:12   warning  Expected a conditional expression and instead saw an assignment            no-cond-assign
    6047:16   warning  Do not access Object.prototype method 'hasOwnProperty' from target object  no-prototype-builtins
    6047:39   warning  Do not access Object.prototype method 'hasOwnProperty' from target object  no-prototype-builtins
    6050:28   warning  Do not access Object.prototype method 'hasOwnProperty' from target object  no-prototype-builtins
    6057:19   warning  Do not access Object.prototype method 'hasOwnProperty' from target object  no-prototype-builtins
    6064:13   warning  Do not access Object.prototype method 'hasOwnProperty' from target object  no-prototype-builtins
    6069:20   warning  Do not access Object.prototype method 'hasOwnProperty' from target object  no-prototype-builtins
    6070:27   warning  Do not access Object.prototype method 'hasOwnProperty' from target object  no-prototype-builtins
    6073:19   warning  Do not access Object.prototype method 'hasOwnProperty' from target object  no-prototype-builtins
    6087:21   warning  Do not access Object.prototype method 'hasOwnProperty' from target object  no-prototype-builtins
    6225:21   warning  Do not access Object.prototype method 'hasOwnProperty' from target object  no-prototype-builtins
    6238:24   warning  Do not access Object.prototype method 'hasOwnProperty' from target object  no-prototype-builtins
    6323:23   warning  Do not access Object.prototype method 'hasOwnProperty' from target object  no-prototype-builtins
    6336:27   warning  Do not access Object.prototype method 'hasOwnProperty' from target object  no-prototype-builtins
    6867:15   warning  Empty block statement                                                      no-empty
    6871:7    warning  Expected a 'break' statement before 'case'                                 no-fallthrough
    7181:42   warning  Do not access Object.prototype method 'hasOwnProperty' from target object  no-prototype-builtins
    7262:18   warning  'e' is defined but never used                                              no-unused-vars
    7262:21   warning  'n' is defined but never used                                              no-unused-vars
    7265:18   warning  'e' is defined but never used                                              no-unused-vars
    7265:21   warning  'n' is defined but never used                                              no-unused-vars
    7581:14   warning  Unexpected constant condition                                              no-constant-condition
    7934:14   warning  Unexpected constant condition                                              no-constant-condition
    7956:12   warning  Unexpected constant condition                                              no-constant-condition
    8184:21   warning  Empty block statement                                                      no-empty
    9007:3    warning  't7' is a function                                                         no-func-assign
    9008:3    warning  'n7' is a function                                                         no-func-assign
    9043:14   warning  '__REACT_DEVTOOLS_GLOBAL_HOOK__' is not defined                            no-undef
    9047:15   warning  Empty block statement                                                      no-empty
    9140:16   warning  '__REACT_DEVTOOLS_GLOBAL_HOOK__' is not defined                            no-undef
    9144:9    warning  '__REACT_DEVTOOLS_GLOBAL_HOOK__' is not defined                            no-undef
    9261:36   warning  'A' is assigned a value but never used                                     no-unused-vars
    9317:18   warning  'e' is defined but never used                                              no-unused-vars
    9456:8    warning  'it' is a function                                                         no-func-assign
    9618:20   warning  'e' is defined but never used                                              no-unused-vars
    9619:15   warning  't' is defined but never used                                              no-unused-vars
    9619:18   warning  'e' is defined but never used                                              no-unused-vars
    9620:15   warning  't' is defined but never used                                              no-unused-vars
    9620:18   warning  'e' is defined but never used                                              no-unused-vars
    9639:8    warning  'Rt' is a function                                                         no-func-assign
    9873:37   warning  'global' is not defined                                                    no-undef
    9874:11   warning  'global' is not defined                                                    no-undef
   10276:8    warning  'og' is a function                                                         no-func-assign
   10295:8    warning  'ag' is a function                                                         no-func-assign
   10308:13   warning  Empty block statement                                                      no-empty
   10309:13   warning  'mT' is a function                                                         no-func-assign
   10571:13   warning  Unsafe usage of ReturnStatement                                            no-unsafe-finally
   10573:18   warning  Unsafe usage of ThrowStatement                                             no-unsafe-finally
   10601:7    warning  Expected a 'break' statement before 'case'                                 no-fallthrough
   10603:7    warning  Expected a 'break' statement before 'case'                                 no-fallthrough
   11452:13   warning  Expected a conditional expression and instead saw an assignment            no-cond-assign
   11649:9    warning  Expected a 'break' statement before 'case'                                 no-fallthrough
   11675:9    warning  Expected a 'break' statement before 'case'                                 no-fallthrough
   11682:13   warning  Expected a 'break' statement before 'case'                                 no-fallthrough
   11695:13   warning  Expected a 'break' statement before 'default'                              no-fallthrough
   11731:9    warning  Expected a 'break' statement before 'default'                              no-fallthrough
   11818:7    warning  Expected a 'break' statement before 'case'                                 no-fallthrough
   11949:13   warning  Expected a 'break' statement before 'case'                                 no-fallthrough
   12025:7    warning  Expected a 'break' statement before 'case'                                 no-fallthrough
   12139:28   warning  Unnecessary escape character: \:                                           no-useless-escape
   12851:57   warning  'r' is assigned a value but never used                                     no-unused-vars
   15083:23   warning  'r' is already defined                                                     no-redeclare
   15249:23   warning  'r' is already defined                                                     no-redeclare
   16092:16   warning  't' is defined but never used                                              no-unused-vars
   16218:23   warning  'r' is already defined                                                     no-redeclare
   17964:23   warning  'r' is already defined                                                     no-redeclare
   18028:23   warning  'r' is already defined                                                     no-redeclare
   18210:5    warning  'Uo' is a function                                                         no-func-assign
   18240:7    warning  'c' is a function                                                          no-func-assign
   18642:11   warning  Empty block statement                                                      no-empty
   18663:16   warning  't' is defined but never used                                              no-unused-vars
   18668:8    warning  'rM' is a function                                                         no-func-assign
   18695:16   warning  't' is defined but never used                                              no-unused-vars
   18700:8    warning  'iM' is a function                                                         no-func-assign
   18713:17   warning  Expected a 'break' statement before 'case'                                 no-fallthrough
   19064:23   warning  'r' is already defined                                                     no-redeclare
   19166:23   warning  'r' is already defined                                                     no-redeclare
   19919:23   warning  'r' is already defined                                                     no-redeclare
   20118:19   warning  'e' is defined but never used                                              no-unused-vars
   20224:15   warning  't' is defined but never used                                              no-unused-vars
   20273:16   warning  't' is defined but never used                                              no-unused-vars
   20483:8    warning  'uM' is a function                                                         no-func-assign
   20549:13   warning  Unreachable code                                                           no-unreachable
   20694:15   warning  Do not access Object.prototype method 'hasOwnProperty' from target object  no-prototype-builtins
   20751:13   warning  Do not access Object.prototype method 'hasOwnProperty' from target object  no-prototype-builtins
   20847:19   warning  Unnecessary escape character: \[                                           no-useless-escape
   20847:44   warning  Unnecessary escape character: \[                                           no-useless-escape
   20934:45   warning  Do not access Object.prototype method 'hasOwnProperty' from target object  no-prototype-builtins
   20943:45   warning  Do not access Object.prototype method 'hasOwnProperty' from target object  no-prototype-builtins
   20953:45   warning  Do not access Object.prototype method 'hasOwnProperty' from target object  no-prototype-builtins
   20962:45   warning  Do not access Object.prototype method 'hasOwnProperty' from target object  no-prototype-builtins
   20977:45   warning  Do not access Object.prototype method 'hasOwnProperty' from target object  no-prototype-builtins
   20986:45   warning  Do not access Object.prototype method 'hasOwnProperty' from target object  no-prototype-builtins
   20996:45   warning  Do not access Object.prototype method 'hasOwnProperty' from target object  no-prototype-builtins
   21006:45   warning  Do not access Object.prototype method 'hasOwnProperty' from target object  no-prototype-builtins
   21015:45   warning  Do not access Object.prototype method 'hasOwnProperty' from target object  no-prototype-builtins
   21025:45   warning  Do not access Object.prototype method 'hasOwnProperty' from target object  no-prototype-builtins
   21034:45   warning  Do not access Object.prototype method 'hasOwnProperty' from target object  no-prototype-builtins
   21044:45   warning  Do not access Object.prototype method 'hasOwnProperty' from target object  no-prototype-builtins
   21058:45   warning  Do not access Object.prototype method 'hasOwnProperty' from target object  no-prototype-builtins
   21073:45   warning  Do not access Object.prototype method 'hasOwnProperty' from target object  no-prototype-builtins
   21320:21   warning  Do not access Object.prototype method 'hasOwnProperty' from target object  no-prototype-builtins
   21408:15   warning  't' is defined but never used                                              no-unused-vars
   21408:18   warning  'e' is defined but never used                                              no-unused-vars
   21408:21   warning  'n' is defined but never used                                              no-unused-vars
   21408:24   warning  'r' is defined but never used                                              no-unused-vars
   21408:27   warning  'i' is defined but never used                                              no-unused-vars
   21413:8    warning  'fM' is a function                                                         no-func-assign
   21461:19   warning  Expected a 'break' statement before 'case'                                 no-fallthrough
   21574:21   warning  Expected a 'break' statement before 'case'                                 no-fallthrough
   21591:21   warning  Expected a 'break' statement before 'case'                                 no-fallthrough
   21598:28   warning  'A' is defined but never used                                              no-unused-vars
   21598:31   warning  'd' is defined but never used                                              no-unused-vars
   21620:16   warning  't' is defined but never used                                              no-unused-vars
   21625:8    warning  'hM' is a function                                                         no-func-assign
   21649:16   warning  't' is defined but never used                                              no-unused-vars
   21654:8    warning  'pM' is a function                                                         no-func-assign
   25386:25   warning  Unnecessary escape character: \%                                           no-useless-escape
   25475:15   warning  '_r' is assigned a value but never used                                    no-unused-vars
   25476:13   warning  'ia' is assigned a value but never used                                    no-unused-vars
   25735:15   warning  'A' is assigned a value but never used                                     no-unused-vars
   27212:22   warning  'n' is defined but never used                                              no-unused-vars
   27371:19   warning  'e' is defined but never used                                              no-unused-vars
   27371:22   warning  'n' is defined but never used                                              no-unused-vars
   29386:23   warning  'r' is already defined                                                     no-redeclare
   30417:22   warning  'd' is assigned a value but never used                                     no-unused-vars
   30456:23   warning  'r' is already defined                                                     no-redeclare
   31405:23   warning  'r' is already defined                                                     no-redeclare
   33484:23   warning  'r' is already defined                                                     no-redeclare
   33576:23   warning  'r' is already defined                                                     no-redeclare
   34564:23   warning  'r' is already defined                                                     no-redeclare
   35114:29   warning  'P' is defined but never used                                              no-unused-vars
   35616:23   warning  'r' is already defined                                                     no-redeclare
   35823:23   warning  'r' is already defined                                                     no-redeclare
   36784:22   warning  'n' is defined but never used                                              no-unused-vars
   37379:23   warning  'r' is already defined                                                     no-redeclare
   37499:23   warning  'r' is already defined                                                     no-redeclare
   38892:23   warning  'r' is already defined                                                     no-redeclare
   39094:23   warning  'r' is already defined                                                     no-redeclare
   39145:23   warning  'r' is already defined                                                     no-redeclare
   39348:25   warning  'r' is already defined                                                     no-redeclare
   39436:23   warning  'r' is already defined                                                     no-redeclare
   39748:19   warning  Empty block statement                                                      no-empty
   40064:25   warning  'r' is already defined                                                     no-redeclare
   40236:23   warning  'r' is already defined                                                     no-redeclare
   40368:23   warning  'r' is already defined                                                     no-redeclare
   41770:23   warning  'r' is already defined                                                     no-redeclare
   42249:23   warning  'r' is already defined                                                     no-redeclare
   43172:23   warning  'r' is already defined                                                     no-redeclare
   43299:23   warning  'r' is already defined                                                     no-redeclare
   44215:16   warning  't' is defined but never used                                              no-unused-vars
   44218:16   warning  't' is defined but never used                                              no-unused-vars
   45360:16   warning  't' is defined but never used                                              no-unused-vars
   46685:16   warning  't' is defined but never used                                              no-unused-vars
   46688:16   warning  't' is defined but never used                                              no-unused-vars
   46806:21   warning  Empty block statement                                                      no-empty
   48658:48   warning  'l' is defined but never used                                              no-unused-vars
   50012:23   warning  'r' is already defined                                                     no-redeclare
   50747:13   warning  'a' is assigned a value but never used                                     no-unused-vars
   50768:23   warning  'r' is already defined                                                     no-redeclare
   52872:21   warning  'e' is defined but never used                                              no-unused-vars
   52968:42   warning  'n' is defined but never used                                              no-unused-vars
   53404:27   warning  'r' is assigned a value but never used                                     no-unused-vars
   53405:30   warning  'i' is assigned a value but never used                                     no-unused-vars
   53406:31   warning  'o' is assigned a value but never used                                     no-unused-vars
   53857:31   warning  'e' is defined but never used                                              no-unused-vars
   53952:26   warning  'ORe' is assigned a value but never used                                   no-unused-vars
   53955:27   warning  'LRe' is assigned a value but never used                                   no-unused-vars
   53976:29   warning  'NRe' is assigned a value but never used                                   no-unused-vars
   53977:22   warning  'kRe' is assigned a value but never used                                   no-unused-vars
   54068:9    warning  'SC_DISABLE_SPEEDY' is not defined                                         no-undef
   54328:19   warning  Empty block statement                                                      no-empty
   54343:18   warning  'e' is defined but never used                                              no-unused-vars
   54360:30   warning  'r' is already defined                                                     no-redeclare
   54483:45   warning  '__webpack_nonce__' is not defined                                         no-undef
   54562:18   warning  'e' is defined but never used                                              no-unused-vars
   54706:16   warning  't' is defined but never used                                              no-unused-vars
   54821:11   warning  Do not access Object.prototype method 'hasOwnProperty' from target object  no-prototype-builtins
   55321:13   warning  'c' is assigned a value but never used                                     no-unused-vars
   60972:28   warning  Unnecessary escape character: \)                                           no-useless-escape
   60996:27   warning  Unnecessary escape character: \%                                           no-useless-escape
   60996:41   warning  Unnecessary escape character: \%                                           no-useless-escape
   60996:55   warning  Unnecessary escape character: \%                                           no-useless-escape
   61014:51   warning  Unnecessary escape character: \%                                           no-useless-escape
   61014:71   warning  Unnecessary escape character: \%                                           no-useless-escape
   61031:25   warning  Unnecessary escape character: \#                                           no-useless-escape
   69500:13   warning  'f' is assigned a value but never used                                     no-unused-vars
   72807:13   warning  Empty block statement                                                      no-empty
   72823:52   warning  'VideoFrame' is not defined                                                no-undef
   74245:53   warning  'VideoFrame' is not defined                                                no-undef
   74789:24   warning  'XRWebGLLayer' is not defined                                              no-undef
   74812:24   warning  'XRWebGLBinding' is not defined                                            no-undef
   76739:11   warning  '__THREE_DEVTOOLS__' is not defined                                        no-undef
   76826:11   warning  '__THREE_DEVTOOLS__' is not defined                                        no-undef
   84133:44   warning  Unnecessary escape character: \/                                           no-useless-escape
   84697:11   warning  Unexpected lexical declaration in case block                               no-case-declarations
   85599:20   warning  Unnecessary escape character: \/                                           no-useless-escape
   87946:5    warning  '__THREE_DEVTOOLS__' is not defined                                        no-undef
   88564:39   warning  'setImmediate' is not defined                                              no-undef
   88873:21   warning  Empty block statement                                                      no-empty
   89194:15   warning  Expected a conditional expression and instead saw an assignment            no-cond-assign
   89474:17   warning  Empty block statement                                                      no-empty
   89743:17   warning  Expected a 'break' statement before 'case'                                 no-fallthrough
   89780:18   warning  Unexpected constant condition                                              no-constant-condition
   89818:17   warning  Expected a conditional expression and instead saw an assignment            no-cond-assign
   89874:20   warning  Expected a conditional expression and instead saw an assignment            no-cond-assign
   90891:19   warning  Empty block statement                                                      no-empty
   90892:21   warning  Empty block statement                                                      no-empty
   91812:16   warning  Expected a conditional expression and instead saw an assignment            no-cond-assign
   91860:14   warning  Expected a conditional expression and instead saw an assignment            no-cond-assign
   92456:17   warning  Empty block statement                                                      no-empty
   92875:20   warning  'w' is defined but never used                                              no-unused-vars
   92875:23   warning  'T' is defined but never used                                              no-unused-vars
   92878:20   warning  'w' is defined but never used                                              no-unused-vars
   92878:23   warning  'T' is defined but never used                                              no-unused-vars
   93309:16   warning  Unexpected constant condition                                              no-constant-condition
   93657:16   warning  Unexpected constant condition                                              no-constant-condition
   93679:14   warning  Unexpected constant condition                                              no-constant-condition
   93906:23   warning  Empty block statement                                                      no-empty
   94791:19   warning  '__REACT_DEVTOOLS_GLOBAL_HOOK__' is not defined                            no-undef
   94796:21   warning  Empty block statement                                                      no-empty
   95010:21   warning  Empty block statement                                                      no-empty
   95088:45   warning  'p' is assigned a value but never used                                     no-unused-vars
   95089:41   warning  'E' is assigned a value but never used                                     no-unused-vars
   95100:24   warning  'A' is defined but never used                                              no-unused-vars
   95100:27   warning  'd' is defined but never used                                              no-unused-vars
   95100:30   warning  'f' is defined but never used                                              no-unused-vars
   95153:25   warning  Do not access Object.prototype method 'hasOwnProperty' from target object  no-prototype-builtins
   95304:17   warning  'e' is defined but never used                                              no-unused-vars
   95304:25   warning  'n' is defined but never used                                              no-unused-vars
   95304:33   warning  'r' is defined but never used                                              no-unused-vars
   95305:17   warning  'o' is assigned a value but never used                                     no-unused-vars
   95305:25   warning  'a' is assigned a value but never used                                     no-unused-vars
   95305:33   warning  's' is assigned a value but never used                                     no-unused-vars
   95314:11   warning  Do not access Object.prototype method 'hasOwnProperty' from target object  no-prototype-builtins
   96283:18   warning  'e' is defined but never used                                              no-unused-vars
   96305:23   warning  Empty block statement                                                      no-empty
   96502:24   warning  'n' is already defined                                                     no-redeclare
   96633:21   warning  'i' is defined but never used                                              no-unused-vars
   98973:9    warning  'importScripts' is not defined                                             no-undef
   99414:15   warning  'Ce' is assigned a value but never used                                    no-unused-vars
   99415:13   warning  'ne' is assigned a value but never used                                    no-unused-vars
   99416:13   warning  'ue' is assigned a value but never used                                    no-unused-vars
   99417:13   warning  're' is assigned a value but never used                                    no-unused-vars
   99418:13   warning  'he' is assigned a value but never used                                    no-unused-vars
   99419:13   warning  'P' is assigned a value but never used                                     no-unused-vars
   99715:41   warning  'xe' is defined but never used                                             no-unused-vars
   99877:19   warning  Do not access Object.prototype method 'hasOwnProperty' from target object  no-prototype-builtins
  101256:49   warning  'a' is defined but never used                                              no-unused-vars
  101725:43   warning  'a' is defined but never used                                              no-unused-vars
  101725:46   warning  's' is defined but never used                                              no-unused-vars
  102101:43   warning  'a' is defined but never used                                              no-unused-vars
  102143:43   warning  'a' is defined but never used                                              no-unused-vars
  102214:45   warning  'a' is defined but never used                                              no-unused-vars
  102214:48   warning  's' is defined but never used                                              no-unused-vars
  102268:43   warning  'a' is defined but never used                                              no-unused-vars
  102307:43   warning  'a' is defined but never used                                              no-unused-vars
  102383:22   warning  'D' is already defined                                                     no-redeclare
  102385:22   warning  'D' is already defined                                                     no-redeclare
  102388:22   warning  'D' is already defined                                                     no-redeclare
  102389:22   warning  'D' is already defined                                                     no-redeclare
  102401:46   warning  'a' is defined but never used                                              no-unused-vars
  102519:43   warning  'a' is defined but never used                                              no-unused-vars
  103092:31   warning  'M' is defined but never used                                              no-unused-vars
  103135:13   warning  Unexpected comma in middle of array                                        no-sparse-arrays
  103303:15   warning  Empty block statement                                                      no-empty
  104149:9    warning  Unexpected combined character in character class                           no-misleading-character-class
  104190:23   warning  'p' is assigned a value but never used                                     no-unused-vars
  104428:34   warning  'Qe' is defined but never used                                             no-unused-vars
  104513:35   warning  Do not access Object.prototype method 'hasOwnProperty' from target object  no-prototype-builtins
  104667:19   warning  'p' is defined but never used                                              no-unused-vars
  104802:27   warning  Do not access Object.prototype method 'hasOwnProperty' from target object  no-prototype-builtins
  104960:24   warning  Do not access Object.prototype method 'hasOwnProperty' from target object  no-prototype-builtins
  105496:35   warning  'a' is defined but never used                                              no-unused-vars
  105499:28   warning  Do not access Object.prototype method 'hasOwnProperty' from target object  no-prototype-builtins
  105503:34   warning  'a' is defined but never used                                              no-unused-vars
  105630:21   warning  Do not access Object.prototype method 'hasOwnProperty' from target object  no-prototype-builtins
  107185:23   warning  'o' is assigned a value but never used                                     no-unused-vars
  107189:48   warning  'u' is assigned a value but never used                                     no-unused-vars
  107324:45   warning  'n' is defined but never used                                              no-unused-vars
  107324:58   warning  'r' is defined but never used                                              no-unused-vars
  107325:19   warning  'a' is assigned a value but never used                                     no-unused-vars
  107335:20   warning  'v' is defined but never used                                              no-unused-vars
  107675:24   warning  'e' is defined but never used                                              no-unused-vars
  107830:18   warning  'o' is already defined                                                     no-redeclare
  107836:19   warning  'a' is already defined                                                     no-redeclare
  107908:18   warning  'A' is already defined                                                     no-redeclare
  107909:15   warning  'd' is already defined                                                     no-redeclare
  108226:21   warning  'a' is already defined                                                     no-redeclare
  108319:17   warning  'o' is already defined                                                     no-redeclare
  108404:20   warning  Unexpected constant condition                                              no-constant-condition
  108720:17   warning  'r' is already defined                                                     no-redeclare
  108721:15   warning  'i' is already defined                                                     no-redeclare
  108722:15   warning  'o' is already defined                                                     no-redeclare
  108732:17   warning  'r' is already defined                                                     no-redeclare
  108733:15   warning  'i' is already defined                                                     no-redeclare
  108734:15   warning  'o' is already defined                                                     no-redeclare
  108738:17   warning  'r' is already defined                                                     no-redeclare
  108739:15   warning  'i' is already defined                                                     no-redeclare
  108740:15   warning  'o' is already defined                                                     no-redeclare
  108741:15   warning  'a' is already defined                                                     no-redeclare
  108795:11   warning  'i' is already defined                                                     no-redeclare
  108796:11   warning  'o' is already defined                                                     no-redeclare
  108797:11   warning  'a' is already defined                                                     no-redeclare
  109030:26   warning  'a' is already defined                                                     no-redeclare
  109144:17   warning  's' is already defined                                                     no-redeclare
  109148:15   warning  'c' is already defined                                                     no-redeclare
  109149:15   warning  'u' is already defined                                                     no-redeclare
  109230:19   warning  'A' is already defined                                                     no-redeclare
  109235:21   warning  'A' is already defined                                                     no-redeclare
  110566:11   warning  Unexpected 'debugger' statement                                            no-debugger
  110645:24   warning  'e' is defined but never used                                              no-unused-vars
  111304:17   warning  Empty block statement                                                      no-empty
  111698:9    warning  Duplicate case label                                                       no-duplicate-case
  111758:25   warning  'n.href' is assigned to itself                                             no-self-assign
  112739:15   warning  Expected a 'break' statement before 'case'                                 no-fallthrough
  112750:48   warning  Unexpected 'debugger' statement                                            no-debugger
  112758:15   warning  Expected a 'break' statement before 'case'                                 no-fallthrough
  112800:37   warning  'f' is defined but never used                                              no-unused-vars
  112929:13   warning  'v' is already defined                                                     no-redeclare
  112941:13   warning  'v' is already defined                                                     no-redeclare
  112943:13   warning  'E' is already defined                                                     no-redeclare
  112944:13   warning  'S' is already defined                                                     no-redeclare
  112955:15   warning  Expected a 'break' statement before 'case'                                 no-fallthrough
  112961:15   warning  Expected a 'break' statement before 'case'                                 no-fallthrough
  112966:15   warning  Expected a 'break' statement before 'case'                                 no-fallthrough
  112968:31   warning  Unexpected comma in middle of array                                        no-sparse-arrays
  112988:15   warning  Expected a 'break' statement before 'case'                                 no-fallthrough
  112990:31   warning  Unexpected comma in middle of array                                        no-sparse-arrays
  113033:15   warning  Expected a 'break' statement before 'case'                                 no-fallthrough
  113133:15   warning  Expected a 'break' statement before 'case'                                 no-fallthrough
  113135:31   warning  Unexpected comma in middle of array                                        no-sparse-arrays
  113179:15   warning  Expected a 'break' statement before 'case'                                 no-fallthrough
  113187:30   warning  'p' is already defined                                                     no-redeclare
  113187:39   warning  'p' is already defined                                                     no-redeclare
  113187:48   warning  'p' is already defined                                                     no-redeclare
  113187:57   warning  'p' is already defined                                                     no-redeclare
  113187:66   warning  'p' is already defined                                                     no-redeclare
  113187:75   warning  'p' is already defined                                                     no-redeclare
  113191:56   warning  Unexpected 'debugger' statement                                            no-debugger
  113195:15   warning  Expected a 'break' statement before 'case'                                 no-fallthrough
  113201:15   warning  Expected a 'break' statement before 'case'                                 no-fallthrough
  113207:15   warning  Expected a 'break' statement before 'case'                                 no-fallthrough
  113213:15   warning  Expected a 'break' statement before 'case'                                 no-fallthrough
  113217:15   warning  Expected a 'break' statement before 'case'                                 no-fallthrough
  113223:15   warning  Expected a 'break' statement before 'case'                                 no-fallthrough
  113227:15   warning  Expected a 'break' statement before 'case'                                 no-fallthrough
  113233:15   warning  Expected a 'break' statement before 'case'                                 no-fallthrough
  113237:15   warning  Expected a 'break' statement before 'case'                                 no-fallthrough
  113243:15   warning  Expected a 'break' statement before 'case'                                 no-fallthrough
  113249:15   warning  Expected a 'break' statement before 'case'                                 no-fallthrough
  113255:15   warning  Expected a 'break' statement before 'case'                                 no-fallthrough
  113259:15   warning  Expected a 'break' statement before 'case'                                 no-fallthrough
  113265:15   warning  Expected a 'break' statement before 'case'                                 no-fallthrough
  113339:23   warning  '_' is already defined                                                     no-redeclare
  113340:23   warning  'z' is already defined                                                     no-redeclare
  113341:23   warning  'H' is already defined                                                     no-redeclare
  113342:23   warning  'R' is already defined                                                     no-redeclare
  113343:23   warning  'M' is already defined                                                     no-redeclare
  113353:23   warning  'D' is already defined                                                     no-redeclare
  113355:23   warning  '_' is already defined                                                     no-redeclare
  113358:23   warning  'R' is already defined                                                     no-redeclare
  113359:23   warning  'M' is already defined                                                     no-redeclare
  113361:23   warning  'z' is already defined                                                     no-redeclare
  113362:23   warning  'H' is already defined                                                     no-redeclare
  113376:25   warning  Expected a 'break' statement before 'case'                                 no-fallthrough
  113378:42   warning  Unexpected comma in middle of array                                        no-sparse-arrays
  113485:25   warning  Expected a 'break' statement before 'case'                                 no-fallthrough
  113494:15   warning  Expected a 'break' statement before 'case'                                 no-fallthrough
  113498:15   warning  Expected a 'break' statement before 'case'                                 no-fallthrough
  113508:37   warning  'o' is defined but never used                                              no-unused-vars
  113624:15   warning  Expected a 'break' statement before 'case'                                 no-fallthrough
  113626:15   warning  Expected a 'break' statement before 'case'                                 no-fallthrough
  113671:15   warning  Expected a 'break' statement before 'case'                                 no-fallthrough
  113673:15   warning  Expected a 'break' statement before 'case'                                 no-fallthrough
  113683:63   warning  'S' is already defined                                                     no-redeclare
  113683:66   warning  'b' is already defined                                                     no-redeclare
  113684:37   warning  'B' is defined but never used                                              no-unused-vars
  113911:14   warning  'm' is defined but never used                                              no-unused-vars
  114823:13   warning  Unnecessary escape character: \[                                           no-useless-escape
  114824:16   warning  Unnecessary escape character: \[                                           no-useless-escape
  115039:113  warning  Unnecessary escape character: \/                                           no-useless-escape
  115047:22   warning  'i' is defined but never used                                              no-unused-vars
  115059:33   warning  Unnecessary escape character: \[                                           no-useless-escape
  115067:25   warning  Unnecessary escape character: \/                                           no-useless-escape
  115268:22   warning  Unnecessary escape character: \[                                           no-useless-escape
  115820:35   warning  'n' is defined but never used                                              no-unused-vars
  115844:29   warning  'n' is defined but never used                                              no-unused-vars
  115848:31   warning  'n' is defined but never used                                              no-unused-vars
  115916:30   warning  'require' is not defined                                                   no-undef
  116520:22   warning  'n' is defined but never used                                              no-unused-vars
  116545:16   warning  Unnecessary escape character: \+                                           no-useless-escape
  116545:18   warning  Unnecessary escape character: \-                                           no-useless-escape
  116669:12   warning  Expected a conditional expression and instead saw an assignment            no-cond-assign
  116679:12   warning  Expected a conditional expression and instead saw an assignment            no-cond-assign
  117214:33   warning  'r' is defined but never used                                              no-unused-vars
  117222:16   warning  't' is defined but never used                                              no-unused-vars
  117222:19   warning  'e' is defined but never used                                              no-unused-vars
  119081:26   warning  'e' is assigned a value but never used                                     no-unused-vars
  119277:21   warning  't' is assigned a value but never used                                     no-unused-vars
  119280:24   warning  'r' is assigned a value but never used                                     no-unused-vars
  119283:25   warning  'a' is assigned a value but never used                                     no-unused-vars
  119310:17   warning  'B' is defined but never used                                              no-unused-vars
  119542:22   warning  'l' is assigned a value but never used                                     no-unused-vars
  120149:47   warning  'e' is assigned a value but never used                                     no-unused-vars
  120239:18   warning  'e' is defined but never used                                              no-unused-vars
  120361:29   warning  'i' is defined but never used                                              no-unused-vars
  120431:29   warning  'i' is defined but never used                                              no-unused-vars
  120482:29   warning  'i' is defined but never used                                              no-unused-vars
  120541:29   warning  'i' is defined but never used                                              no-unused-vars
  120792:29   warning  Empty block statement                                                      no-empty
  120856:29   warning  'i' is defined but never used                                              no-unused-vars
  120892:29   warning  'i' is defined but never used                                              no-unused-vars
  120988:29   warning  'i' is defined but never used                                              no-unused-vars
  121028:29   warning  'i' is defined but never used                                              no-unused-vars
  121052:29   warning  'i' is defined but never used                                              no-unused-vars
  121056:23   warning  'Buffer' is not defined                                                    no-undef
  121056:38   warning  'Buffer' is not defined                                                    no-undef
  121057:28   warning  'Buffer' is not defined                                                    no-undef
  121060:30   warning  'Buffer' is not defined                                                    no-undef
  121063:23   warning  'Buffer' is not defined                                                    no-undef
  121063:44   warning  'Buffer' is not defined                                                    no-undef
  121064:31   warning  'Buffer' is not defined                                                    no-undef
  121068:26   warning  'Buffer' is not defined                                                    no-undef
  121083:29   warning  'i' is defined but never used                                              no-unused-vars
  121288:29   warning  'i' is defined but never used                                              no-unused-vars
  121294:29   warning  'i' is defined but never used                                              no-unused-vars
  121344:29   warning  'i' is defined but never used                                              no-unused-vars
  121409:29   warning  'i' is defined but never used                                              no-unused-vars
  121428:29   warning  'i' is defined but never used                                              no-unused-vars
  121456:29   warning  'i' is defined but never used                                              no-unused-vars
  121475:29   warning  'i' is defined but never used                                              no-unused-vars
  121517:29   warning  'i' is defined but never used                                              no-unused-vars
  121535:29   warning  'i' is defined but never used                                              no-unused-vars
  121554:29   warning  'i' is defined but never used                                              no-unused-vars
  121575:29   warning  'i' is defined but never used                                              no-unused-vars
  121654:29   warning  'i' is defined but never used                                              no-unused-vars
  121784:29   warning  'i' is defined but never used                                              no-unused-vars
  121795:25   warning  Empty block statement                                                      no-empty
  121844:40   warning  'Buffer' is not defined                                                    no-undef
  122367:19   warning  'setImmediate' is not defined                                              no-undef
  122445:29   warning  'i' is defined but never used                                              no-unused-vars
  122645:29   warning  'i' is defined but never used                                              no-unused-vars
  122825:29   warning  'i' is defined but never used                                              no-unused-vars
  122919:29   warning  'i' is defined but never used                                              no-unused-vars
  122983:29   warning  'i' is defined but never used                                              no-unused-vars
  123176:29   warning  'i' is defined but never used                                              no-unused-vars
  123490:40   warning  Do not access Object.prototype method 'hasOwnProperty' from target object  no-prototype-builtins
  123663:29   warning  'i' is defined but never used                                              no-unused-vars
  123683:29   warning  'i' is defined but never used                                              no-unused-vars
  123717:29   warning  'i' is defined but never used                                              no-unused-vars
  124728:29   warning  'i' is defined but never used                                              no-unused-vars
  124745:29   warning  'i' is defined but never used                                              no-unused-vars
  125070:24   warning  Expected a conditional expression and instead saw an assignment            no-cond-assign
  125201:23   warning  Expected a 'break' statement before 'case'                                 no-fallthrough
  125215:23   warning  Expected a 'break' statement before 'case'                                 no-fallthrough
  125228:23   warning  Expected a 'break' statement before 'case'                                 no-fallthrough
  125243:23   warning  Expected a 'break' statement before 'case'                                 no-fallthrough
  125261:23   warning  Expected a 'break' statement before 'case'                                 no-fallthrough
  125283:23   warning  Expected a 'break' statement before 'case'                                 no-fallthrough
  125305:23   warning  Expected a 'break' statement before 'case'                                 no-fallthrough
  125329:23   warning  Expected a 'break' statement before 'case'                                 no-fallthrough
  125341:23   warning  Expected a 'break' statement before 'case'                                 no-fallthrough
  125343:23   warning  Expected a 'break' statement before 'case'                                 no-fallthrough
  125385:23   warning  Expected a 'break' statement before 'case'                                 no-fallthrough
  125387:23   warning  Expected a 'break' statement before 'case'                                 no-fallthrough
  125423:23   warning  Expected a 'break' statement before 'case'                                 no-fallthrough
  125444:23   warning  Expected a 'break' statement before 'case'                                 no-fallthrough
  125552:23   warning  Expected a 'break' statement before 'case'                                 no-fallthrough
  125554:23   warning  Expected a 'break' statement before 'case'                                 no-fallthrough
  125626:23   warning  Expected a 'break' statement before 'case'                                 no-fallthrough
  125638:23   warning  Expected a 'break' statement before 'case'                                 no-fallthrough
  125676:23   warning  Expected a 'break' statement before 'case'                                 no-fallthrough
  125693:23   warning  Expected a 'break' statement before 'case'                                 no-fallthrough
  125743:23   warning  Expected a 'break' statement before 'case'                                 no-fallthrough
  125756:23   warning  Expected a 'break' statement before 'case'                                 no-fallthrough
  125838:29   warning  'i' is defined but never used                                              no-unused-vars
  125965:29   warning  'i' is defined but never used                                              no-unused-vars
  126293:42   warning  'ge' is defined but never used                                             no-unused-vars
  126434:29   warning  'i' is defined but never used                                              no-unused-vars
  126453:23   warning  'n' is defined but never used                                              no-unused-vars
  126453:26   warning  'r' is defined but never used                                              no-unused-vars
  126453:29   warning  'i' is defined but never used                                              no-unused-vars
  126470:31   warning  'process' is not defined                                                   no-undef
  126597:17   warning  'e' is defined but never used                                              no-unused-vars
  126635:17   warning  Empty block statement                                                      no-empty
  126994:24   warning  't' is assigned a value but never used                                     no-unused-vars
  126995:25   warning  'e' is assigned a value but never used                                     no-unused-vars
  126997:20   warning  'r' is assigned a value but never used                                     no-unused-vars

 553 problems (0 errors, 553 warnings)

